
  .   ____          _            __ _ _
 /\\ / ___'_ __ _ _(_)_ __  __ _ \ \ \ \
( ( )\___ | '_ | '_| | '_ \/ _` | \ \ \ \
 \\/  ___)| |_)| | | | | || (_| |  ) ) ) )
  '  |____| .__|_| |_|_| |_\__, | / / / /
 =========|_|==============|___/=/_/_/_/

 :: Spring Boot ::                (v3.5.6)

2025-12-14T00:42:48.322+01:00  INFO 33755 --- [mongo] [           main] com.example.mongo.MongoApplication       : Starting MongoApplication v0.0.1-SNAPSHOT using Java 24.0.1 with PID 33755 (/Users/astra/Downloads/tool-box/build/libs/mongo-0.0.1-SNAPSHOT.jar started by astra in /Users/astra/Downloads/tool-box)
2025-12-14T00:42:48.324+01:00  INFO 33755 --- [mongo] [           main] com.example.mongo.MongoApplication       : No active profile set, falling back to 1 default profile: "default"
2025-12-14T00:42:48.513+01:00  INFO 33755 --- [mongo] [           main] .s.d.r.c.RepositoryConfigurationDelegate : Bootstrapping Spring Data MongoDB repositories in DEFAULT mode.
2025-12-14T00:42:48.536+01:00  INFO 33755 --- [mongo] [           main] .s.d.r.c.RepositoryConfigurationDelegate : Finished Spring Data repository scanning in 20 ms. Found 9 MongoDB repository interfaces.
2025-12-14T00:42:48.681+01:00  INFO 33755 --- [mongo] [           main] o.s.b.w.embedded.tomcat.TomcatWebServer  : Tomcat initialized with port 9099 (http)
2025-12-14T00:42:48.687+01:00  INFO 33755 --- [mongo] [           main] o.apache.catalina.core.StandardService   : Starting service [Tomcat]
2025-12-14T00:42:48.687+01:00  INFO 33755 --- [mongo] [           main] o.apache.catalina.core.StandardEngine    : Starting Servlet engine: [Apache Tomcat/10.1.46]
2025-12-14T00:42:48.696+01:00  INFO 33755 --- [mongo] [           main] o.a.c.c.C.[Tomcat].[localhost].[/]       : Initializing Spring embedded WebApplicationContext
2025-12-14T00:42:48.696+01:00  INFO 33755 --- [mongo] [           main] w.s.c.ServletWebServerApplicationContext : Root WebApplicationContext: initialization completed in 358 ms
2025-12-14T00:42:48.765+01:00  INFO 33755 --- [mongo] [           main] org.mongodb.driver.client                : MongoClient with metadata {"driver": {"name": "mongo-java-driver|sync|spring-boot", "version": "5.5.1"}, "os": {"type": "Darwin", "name": "Mac OS X", "architecture": "aarch64", "version": "26.1"}, "platform": "Java/Oracle Corporation/24.0.1+9-30"} created with settings MongoClientSettings{readPreference=primary, writeConcern=WriteConcern{w=null, wTimeout=null ms, journal=null}, retryWrites=true, retryReads=true, readConcern=ReadConcern{level=null}, credential=null, transportSettings=null, commandListeners=[], codecRegistry=ProvidersCodecRegistry{codecProviders=[ValueCodecProvider{}, BsonValueCodecProvider{}, DBRefCodecProvider{}, DBObjectCodecProvider{}, DocumentCodecProvider{}, CollectionCodecProvider{}, IterableCodecProvider{}, MapCodecProvider{}, GeoJsonCodecProvider{}, GridFSFileCodecProvider{}, Jsr310CodecProvider{}, JsonObjectCodecProvider{}, BsonCodecProvider{}, EnumCodecProvider{}, com.mongodb.client.model.mql.ExpressionCodecProvider@6fff46bf, com.mongodb.Jep395RecordCodecProvider@1835dc92, com.mongodb.KotlinCodecProvider@3aaa3c39]}, loggerSettings=LoggerSettings{maxDocumentLength=1000}, clusterSettings={hosts=[localhost:27017], srvServiceName=mongodb, mode=SINGLE, requiredClusterType=UNKNOWN, requiredReplicaSetName='null', serverSelector='null', clusterListeners='[]', serverSelectionTimeout='30000 ms', localThreshold='15 ms'}, socketSettings=SocketSettings{connectTimeoutMS=10000, readTimeoutMS=0, receiveBufferSize=0, proxySettings=ProxySettings{host=null, port=null, username=null, password=null}}, heartbeatSocketSettings=SocketSettings{connectTimeoutMS=10000, readTimeoutMS=10000, receiveBufferSize=0, proxySettings=ProxySettings{host=null, port=null, username=null, password=null}}, connectionPoolSettings=ConnectionPoolSettings{maxSize=100, minSize=0, maxWaitTimeMS=120000, maxConnectionLifeTimeMS=0, maxConnectionIdleTimeMS=0, maintenanceInitialDelayMS=0, maintenanceFrequencyMS=60000, connectionPoolListeners=[], maxConnecting=2}, serverSettings=ServerSettings{heartbeatFrequencyMS=10000, minHeartbeatFrequencyMS=500, serverMonitoringMode=AUTO, serverListeners='[]', serverMonitorListeners='[]'}, sslSettings=SslSettings{enabled=false, invalidHostNameAllowed=false, context=null}, applicationName='null', compressorList=[], uuidRepresentation=JAVA_LEGACY, serverApi=null, autoEncryptionSettings=null, dnsClient=null, inetAddressResolver=null, contextProvider=null, timeoutMS=null}
2025-12-14T00:42:48.775+01:00  INFO 33755 --- [mongo] [localhost:27017] org.mongodb.driver.cluster               : Monitor thread successfully connected to server with description ServerDescription{address=localhost:27017, type=STANDALONE, cryptd=false, state=CONNECTED, ok=true, minWireVersion=0, maxWireVersion=21, maxDocumentSize=16777216, logicalSessionTimeoutMinutes=30, roundTripTimeNanos=7516458, minRoundTripTimeNanos=0}
2025-12-14T00:42:49.075+01:00  INFO 33755 --- [mongo] [           main] o.s.b.a.w.s.WelcomePageHandlerMapping    : Adding welcome page: class path resource [static/index.html]
2025-12-14T00:42:49.205+01:00  INFO 33755 --- [mongo] [           main] o.s.b.w.embedded.tomcat.TomcatWebServer  : Tomcat started on port 9099 (http) with context path '/'
2025-12-14T00:42:49.212+01:00  INFO 33755 --- [mongo] [           main] com.example.mongo.MongoApplication       : Started MongoApplication in 1.027 seconds (process running for 1.192)
2025-12-14T00:43:06.180+01:00 ERROR 33755 --- [mongo] [o-9099-Acceptor] org.apache.tomcat.util.net.NioEndpoint   : Error setting socket options

java.net.SocketException: Invalid argument
	at java.base/sun.nio.ch.Net.setIntOption0(Native Method) ~[na:na]
	at java.base/sun.nio.ch.Net.setSocketOption(Net.java:394) ~[na:na]
	at java.base/sun.nio.ch.Net.setSocketOption(Net.java:332) ~[na:na]
	at java.base/sun.nio.ch.SocketChannelImpl.setOption(SocketChannelImpl.java:285) ~[na:na]
	at java.base/sun.nio.ch.SocketAdaptor.setIntOption(SocketAdaptor.java:212) ~[na:na]
	at java.base/sun.nio.ch.SocketAdaptor.setSoLinger(SocketAdaptor.java:250) ~[na:na]
	at org.apache.tomcat.util.net.SocketProperties.setProperties(SocketProperties.java:203) ~[tomcat-embed-core-10.1.46.jar!/:na]
	at org.apache.tomcat.util.net.NioEndpoint.setSocketOptions(NioEndpoint.java:492) ~[tomcat-embed-core-10.1.46.jar!/:na]
	at org.apache.tomcat.util.net.NioEndpoint.setSocketOptions(NioEndpoint.java:72) ~[tomcat-embed-core-10.1.46.jar!/:na]
	at org.apache.tomcat.util.net.Acceptor.run(Acceptor.java:147) ~[tomcat-embed-core-10.1.46.jar!/:na]
	at java.base/java.lang.Thread.run(Thread.java:1447) ~[na:na]

2025-12-14T00:43:06.317+01:00  INFO 33755 --- [mongo] [nio-9099-exec-1] o.a.c.c.C.[Tomcat].[localhost].[/]       : Initializing Spring DispatcherServlet 'dispatcherServlet'
2025-12-14T00:43:06.318+01:00  INFO 33755 --- [mongo] [nio-9099-exec-1] o.s.web.servlet.DispatcherServlet        : Initializing Servlet 'dispatcherServlet'
2025-12-14T00:43:06.325+01:00  INFO 33755 --- [mongo] [nio-9099-exec-1] o.s.web.servlet.DispatcherServlet        : Completed initialization in 7 ms
2025-12-14T00:43:12.197+01:00  WARN 33755 --- [mongo] [nio-9099-exec-4] ration$PageModule$WarningLoggingModifier : Serializing PageImpl instances as-is is not supported, meaning that there is no guarantee about the stability of the resulting JSON structure!
	For a stable JSON structure, please use Spring Data's PagedModel (globally via @EnableSpringDataWebSupport(pageSerializationMode = VIA_DTO))
	or Spring HATEOAS and Spring Data's PagedResourcesAssembler as documented in https://docs.spring.io/spring-data/commons/reference/repositories/core-extensions.html#core.web.pageables.

2025-12-14T00:45:29.047+01:00 ERROR 33755 --- [mongo] [o-9099-Acceptor] org.apache.tomcat.util.net.NioEndpoint   : Error setting socket options

java.net.SocketException: Invalid argument
	at java.base/sun.nio.ch.Net.setIntOption0(Native Method) ~[na:na]
	at java.base/sun.nio.ch.Net.setSocketOption(Net.java:394) ~[na:na]
	at java.base/sun.nio.ch.Net.setSocketOption(Net.java:332) ~[na:na]
	at java.base/sun.nio.ch.SocketChannelImpl.setOption(SocketChannelImpl.java:285) ~[na:na]
	at java.base/sun.nio.ch.SocketAdaptor.setIntOption(SocketAdaptor.java:212) ~[na:na]
	at java.base/sun.nio.ch.SocketAdaptor.setSoLinger(SocketAdaptor.java:250) ~[na:na]
	at org.apache.tomcat.util.net.SocketProperties.setProperties(SocketProperties.java:203) ~[tomcat-embed-core-10.1.46.jar!/:na]
	at org.apache.tomcat.util.net.NioEndpoint.setSocketOptions(NioEndpoint.java:492) ~[tomcat-embed-core-10.1.46.jar!/:na]
	at org.apache.tomcat.util.net.NioEndpoint.setSocketOptions(NioEndpoint.java:72) ~[tomcat-embed-core-10.1.46.jar!/:na]
	at org.apache.tomcat.util.net.Acceptor.run(Acceptor.java:147) ~[tomcat-embed-core-10.1.46.jar!/:na]
	at java.base/java.lang.Thread.run(Thread.java:1447) ~[na:na]

